<?xml version="1.0" encoding="UTF-8"?>
<!-- Generated by org.testng.reporters.JUnitXMLReporter -->
<testsuite hostname="T450SAmuluru" name="smokeTest" tests="13" failures="2" timestamp="23 Nov 2015 14:30:53 GMT" time="799.33" errors="0">
  <testcase name="smokeTest1" time="83.735" classname="com.primerevenue.osci.test.smoke.SPSmokeTestNG1"/>
  <testcase name="cmsmokeTest1" time="26.018" classname="com.primerevenue.osci.test.smoke.CMSmokeTestNG2"/>
  <testcase name="cmsmokeTest2" time="48.028" classname="com.primerevenue.osci.test.smoke.CMSmokeTestNG2"/>
  <testcase name="smokeTestfi1" time="58.004" classname="com.primerevenue.osci.test.smoke.FISmokeTestNG3"/>
  <testcase name="smokeTest1" time="33.32" classname="com.primerevenue.osci.test.smoke.SPSmokeTestNG4">
    <failure type="org.openqa.selenium.NoSuchElementException" message="Unable to locate element: {&amp;quot;method&amp;quot;:&amp;quot;xpath&amp;quot;,&amp;quot;selector&amp;quot;:&amp;quot;//a[contains(@href, &amp;apos;javascript: addSuppliers()&amp;apos;)]&amp;quot;}
Command duration or timeout: 51 milliseconds
For documentation on this error, please visit: http://seleniumhq.org/exceptions/no_such_element.html
Build info: version: &amp;apos;2.47.1&amp;apos;, revision: &amp;apos;unknown&amp;apos;, time: &amp;apos;2015-07-30 11:02:44&amp;apos;
System info: host: &amp;apos;T450SAmuluru&amp;apos;, ip: &amp;apos;10.8.1.18&amp;apos;, os.name: &amp;apos;Windows 7&amp;apos;, os.arch: &amp;apos;amd64&amp;apos;, os.version: &amp;apos;6.1&amp;apos;, java.version: &amp;apos;1.8.0_65&amp;apos;
Driver info: org.openqa.selenium.firefox.FirefoxDriver
Capabilities [{applicationCacheEnabled=true, rotatable=false, handlesAlerts=true, databaseEnabled=true, version=42.0, platform=WINDOWS, nativeEvents=false, acceptSslCerts=true, webStorageEnabled=true, locationContextEnabled=true, browserName=firefox, takesScreenshot=true, javascriptEnabled=true, cssSelectorsEnabled=true}]
Session ID: be34bd8b-455a-49da-8e0c-cce5782d0264
*** Element info: {Using=xpath, value=//a[contains(@href, &amp;apos;javascript: addSuppliers()&amp;apos;)]}">
      <![CDATA[org.openqa.selenium.NoSuchElementException: Unable to locate element: {"method":"xpath","selector":"//a[contains(@href, 'javascript: addSuppliers()')]"}
Command duration or timeout: 51 milliseconds
For documentation on this error, please visit: http://seleniumhq.org/exceptions/no_such_element.html
Build info: version: '2.47.1', revision: 'unknown', time: '2015-07-30 11:02:44'
System info: host: 'T450SAmuluru', ip: '10.8.1.18', os.name: 'Windows 7', os.arch: 'amd64', os.version: '6.1', java.version: '1.8.0_65'
Driver info: org.openqa.selenium.firefox.FirefoxDriver
Capabilities [{applicationCacheEnabled=true, rotatable=false, handlesAlerts=true, databaseEnabled=true, version=42.0, platform=WINDOWS, nativeEvents=false, acceptSslCerts=true, webStorageEnabled=true, locationContextEnabled=true, browserName=firefox, takesScreenshot=true, javascriptEnabled=true, cssSelectorsEnabled=true}]
Session ID: be34bd8b-455a-49da-8e0c-cce5782d0264
*** Element info: {Using=xpath, value=//a[contains(@href, 'javascript: addSuppliers()')]}
	at org.openqa.selenium.remote.ErrorHandler.createThrowable(ErrorHandler.java:206)
	at org.openqa.selenium.remote.ErrorHandler.throwIfResponseFailed(ErrorHandler.java:158)
	at org.openqa.selenium.remote.RemoteWebDriver.execute(RemoteWebDriver.java:595)
	at org.openqa.selenium.remote.RemoteWebDriver.findElement(RemoteWebDriver.java:348)
	at org.openqa.selenium.remote.RemoteWebDriver.findElementByXPath(RemoteWebDriver.java:445)
	at org.openqa.selenium.By$ByXPath.findElement(By.java:358)
	at org.openqa.selenium.remote.RemoteWebDriver.findElement(RemoteWebDriver.java:340)
	at org.openqa.selenium.support.events.EventFiringWebDriver$2.invoke(EventFiringWebDriver.java:102)
	at com.sun.proxy.$Proxy10.findElement(Unknown Source)
	at org.openqa.selenium.support.events.EventFiringWebDriver.findElement(EventFiringWebDriver.java:185)
	at org.openqa.selenium.support.pagefactory.DefaultElementLocator.findElement(DefaultElementLocator.java:69)
	at org.openqa.selenium.support.pagefactory.internal.LocatingElementHandler.invoke(LocatingElementHandler.java:38)
	at com.sun.proxy.$Proxy12.getAttribute(Unknown Source)
	at com.primerevenue.osci.utils.SeleniumUtils.scrollInFocus(SeleniumUtils.java:128)
	at com.primerevenue.osci.utils.SeleniumUtils.click(SeleniumUtils.java:263)
	at com.primerevenue.osci.pageobjects.common.SPAddSupplierToBP.addSupplierToBP1(SPAddSupplierToBP.java:46)
	at com.primerevenue.osci.test.smoke.SPSmokeTestNG4.smokeTest1(SPSmokeTestNG4.java:45)
Caused by: org.openqa.selenium.NoSuchElementException: Unable to locate element: {"method":"xpath","selector":"//a[contains(@href, 'javascript: addSuppliers()')]"}
For documentation on this error, please visit: http://seleniumhq.org/exceptions/no_such_element.html
Build info: version: '2.47.1', revision: 'unknown', time: '2015-07-30 11:02:44'
System info: host: 'T450SAmuluru', ip: '10.8.1.18', os.name: 'Windows 7', os.arch: 'amd64', os.version: '6.1', java.version: '1.8.0_65'
Driver info: driver.version: unknown
	at <anonymous class>.FirefoxDriver.prototype.findElementInternal_(file:///C:/Users/samuluru/AppData/Local/Temp/anonymous5029565271193759750webdriver-profile/extensions/fxdriver@googlecode.com/components/driver-component.js:10667)
	at <anonymous class>.FirefoxDriver.prototype.findElement(file:///C:/Users/samuluru/AppData/Local/Temp/anonymous5029565271193759750webdriver-profile/extensions/fxdriver@googlecode.com/components/driver-component.js:10676)
	at <anonymous class>.DelayedCommand.prototype.executeInternal_/h(file:///C:/Users/samuluru/AppData/Local/Temp/anonymous5029565271193759750webdriver-profile/extensions/fxdriver@googlecode.com/components/command-processor.js:12643)
	at <anonymous class>.DelayedCommand.prototype.executeInternal_(file:///C:/Users/samuluru/AppData/Local/Temp/anonymous5029565271193759750webdriver-profile/extensions/fxdriver@googlecode.com/components/command-processor.js:12648)
	at <anonymous class>.DelayedCommand.prototype.execute/<(file:///C:/Users/samuluru/AppData/Local/Temp/anonymous5029565271193759750webdriver-profile/extensions/fxdriver@googlecode.com/components/command-processor.js:12590)
... Removed 30 stack frames]]>
    </failure>
  </testcase> <!-- smokeTest1 -->
  <testcase name="smokeTestReports" time="136.173" classname="com.primerevenue.osci.test.smoke.SuppReportsTestNG5"/>
  <testcase name="smokeTest1" time="59.803" classname="com.primerevenue.osci.test.smoke.SupplierModPageNavTestNG6"/>
  <testcase name="buyertest1" time="111.059" classname="com.primerevenue.osci.test.smoke.BuyerTestNG7"/>
  <testcase name="smokeTest1" time="82.563" classname="com.primerevenue.osci.test.smoke.SPModReportsTestNG8">
    <failure type="org.openqa.selenium.NoSuchElementException" message="Unable to locate element: {&amp;quot;method&amp;quot;:&amp;quot;xpath&amp;quot;,&amp;quot;selector&amp;quot;:&amp;quot;//a[contains(text(),&amp;apos;AmulSupp&amp;apos;)]&amp;quot;}
Command duration or timeout: 9 milliseconds
For documentation on this error, please visit: http://seleniumhq.org/exceptions/no_such_element.html
Build info: version: &amp;apos;2.47.1&amp;apos;, revision: &amp;apos;unknown&amp;apos;, time: &amp;apos;2015-07-30 11:02:44&amp;apos;
System info: host: &amp;apos;T450SAmuluru&amp;apos;, ip: &amp;apos;10.8.1.18&amp;apos;, os.name: &amp;apos;Windows 7&amp;apos;, os.arch: &amp;apos;amd64&amp;apos;, os.version: &amp;apos;6.1&amp;apos;, java.version: &amp;apos;1.8.0_65&amp;apos;
Driver info: org.openqa.selenium.firefox.FirefoxDriver
Capabilities [{applicationCacheEnabled=true, rotatable=false, handlesAlerts=true, databaseEnabled=true, version=42.0, platform=WINDOWS, nativeEvents=false, acceptSslCerts=true, webStorageEnabled=true, locationContextEnabled=true, browserName=firefox, takesScreenshot=true, javascriptEnabled=true, cssSelectorsEnabled=true}]
Session ID: 25bbe2b7-15e3-4656-b876-d2f26f0c7876
*** Element info: {Using=xpath, value=//a[contains(text(),&amp;apos;AmulSupp&amp;apos;)]}">
      <![CDATA[org.openqa.selenium.NoSuchElementException: Unable to locate element: {"method":"xpath","selector":"//a[contains(text(),'AmulSupp')]"}
Command duration or timeout: 9 milliseconds
For documentation on this error, please visit: http://seleniumhq.org/exceptions/no_such_element.html
Build info: version: '2.47.1', revision: 'unknown', time: '2015-07-30 11:02:44'
System info: host: 'T450SAmuluru', ip: '10.8.1.18', os.name: 'Windows 7', os.arch: 'amd64', os.version: '6.1', java.version: '1.8.0_65'
Driver info: org.openqa.selenium.firefox.FirefoxDriver
Capabilities [{applicationCacheEnabled=true, rotatable=false, handlesAlerts=true, databaseEnabled=true, version=42.0, platform=WINDOWS, nativeEvents=false, acceptSslCerts=true, webStorageEnabled=true, locationContextEnabled=true, browserName=firefox, takesScreenshot=true, javascriptEnabled=true, cssSelectorsEnabled=true}]
Session ID: 25bbe2b7-15e3-4656-b876-d2f26f0c7876
*** Element info: {Using=xpath, value=//a[contains(text(),'AmulSupp')]}
	at org.openqa.selenium.remote.ErrorHandler.createThrowable(ErrorHandler.java:206)
	at org.openqa.selenium.remote.ErrorHandler.throwIfResponseFailed(ErrorHandler.java:158)
	at org.openqa.selenium.remote.RemoteWebDriver.execute(RemoteWebDriver.java:595)
	at org.openqa.selenium.remote.RemoteWebDriver.findElement(RemoteWebDriver.java:348)
	at org.openqa.selenium.remote.RemoteWebDriver.findElementByXPath(RemoteWebDriver.java:445)
	at org.openqa.selenium.By$ByXPath.findElement(By.java:358)
	at org.openqa.selenium.remote.RemoteWebDriver.findElement(RemoteWebDriver.java:340)
	at org.openqa.selenium.support.events.EventFiringWebDriver$2.invoke(EventFiringWebDriver.java:102)
	at com.sun.proxy.$Proxy10.findElement(Unknown Source)
	at org.openqa.selenium.support.events.EventFiringWebDriver.findElement(EventFiringWebDriver.java:185)
	at org.openqa.selenium.support.pagefactory.DefaultElementLocator.findElement(DefaultElementLocator.java:69)
	at org.openqa.selenium.support.pagefactory.internal.LocatingElementHandler.invoke(LocatingElementHandler.java:38)
	at com.sun.proxy.$Proxy12.getAttribute(Unknown Source)
	at com.primerevenue.osci.utils.SeleniumUtils.scrollInFocus(SeleniumUtils.java:128)
	at com.primerevenue.osci.utils.SeleniumUtils.click(SeleniumUtils.java:263)
	at com.primerevenue.osci.pageobjects.common.SPAddNewSupplier.verifyingAddedNewSupplier(SPAddNewSupplier.java:152)
	at com.primerevenue.osci.test.smoke.SPModReportsTestNG8.smokeTest1(SPModReportsTestNG8.java:52)
Caused by: org.openqa.selenium.NoSuchElementException: Unable to locate element: {"method":"xpath","selector":"//a[contains(text(),'AmulSupp')]"}
For documentation on this error, please visit: http://seleniumhq.org/exceptions/no_such_element.html
Build info: version: '2.47.1', revision: 'unknown', time: '2015-07-30 11:02:44'
System info: host: 'T450SAmuluru', ip: '10.8.1.18', os.name: 'Windows 7', os.arch: 'amd64', os.version: '6.1', java.version: '1.8.0_65'
Driver info: driver.version: unknown
	at <anonymous class>.FirefoxDriver.prototype.findElementInternal_(file:///C:/Users/samuluru/AppData/Local/Temp/anonymous3027124736906656405webdriver-profile/extensions/fxdriver@googlecode.com/components/driver-component.js:10667)
	at <anonymous class>.FirefoxDriver.prototype.findElement(file:///C:/Users/samuluru/AppData/Local/Temp/anonymous3027124736906656405webdriver-profile/extensions/fxdriver@googlecode.com/components/driver-component.js:10676)
	at <anonymous class>.DelayedCommand.prototype.executeInternal_/h(file:///C:/Users/samuluru/AppData/Local/Temp/anonymous3027124736906656405webdriver-profile/extensions/fxdriver@googlecode.com/components/command-processor.js:12643)
	at <anonymous class>.DelayedCommand.prototype.executeInternal_(file:///C:/Users/samuluru/AppData/Local/Temp/anonymous3027124736906656405webdriver-profile/extensions/fxdriver@googlecode.com/components/command-processor.js:12648)
	at <anonymous class>.DelayedCommand.prototype.execute/<(file:///C:/Users/samuluru/AppData/Local/Temp/anonymous3027124736906656405webdriver-profile/extensions/fxdriver@googlecode.com/components/command-processor.js:12590)
... Removed 30 stack frames]]>
    </failure>
  </testcase> <!-- smokeTest1 -->
  <testcase name="cmsmokeTest1" time="25.469" classname="com.primerevenue.osci.test.smoke.CMModReportsTestNG9"/>
  <testcase name="cmsmokeTest3" time="21.041" classname="com.primerevenue.osci.test.smoke.CMModReportsTestNG9"/>
  <testcase name="smokeTestfi1" time="21.004" classname="com.primerevenue.osci.test.smoke.FIModReportTestNG10"/>
  <testcase name="smokeTestfi2" time="87.605" classname="com.primerevenue.osci.test.smoke.FIModReportTestNG10"/>
</testsuite> <!-- smokeTest -->
